<?xml version="1.0" encoding="UTF-8"?>
<testng-results ignored="0" total="6" passed="6" failed="0" skipped="0">
  <reporter-output>
  </reporter-output>
  <suite started-at="2021-01-31T19:31:51 IST" name="Yahoo" finished-at="2021-01-31T19:34:07 IST" duration-ms="136511">
    <groups>
    </groups>
    <test started-at="2021-01-31T19:31:51 IST" name="Test2" finished-at="2021-01-31T19:33:59 IST" duration-ms="128090">
      <class name="Testng.Testcase1">
        <test-method is-config="true" signature="browserLaunch(java.lang.String)[pri:0, instance:Testng.Testcase1@769e7ee8]" started-at="2021-01-31T19:31:51 IST" name="browserLaunch" finished-at="2021-01-31T19:32:28 IST" duration-ms="37722" status="PASS">
          <params>
            <param index="0">
              <value>
                <![CDATA[chrome]]>
              </value>
            </param>
          </params>
          <reporter-output>
          </reporter-output>
        </test-method> <!-- browserLaunch -->
        <test-method signature="tcase1()[pri:0, instance:Testng.Testcase1@769e7ee8]" started-at="2021-01-31T19:32:28 IST" name="tcase1" finished-at="2021-01-31T19:32:40 IST" duration-ms="11275" status="PASS">
          <reporter-output>
          </reporter-output>
        </test-method> <!-- tcase1 -->
        <test-method is-config="true" signature="tearDown()[pri:0, instance:Testng.Testcase1@769e7ee8]" started-at="2021-01-31T19:32:40 IST" name="tearDown" finished-at="2021-01-31T19:32:43 IST" duration-ms="2971" status="PASS">
          <reporter-output>
          </reporter-output>
        </test-method> <!-- tearDown -->
      </class> <!-- Testng.Testcase1 -->
      <class name="Testng.Testcase2">
        <test-method is-config="true" signature="browserLaunch(java.lang.String)[pri:0, instance:Testng.Testcase2@5276e6b0]" started-at="2021-01-31T19:32:43 IST" name="browserLaunch" finished-at="2021-01-31T19:33:15 IST" duration-ms="32640" status="PASS">
          <params>
            <param index="0">
              <value>
                <![CDATA[chrome]]>
              </value>
            </param>
          </params>
          <reporter-output>
          </reporter-output>
        </test-method> <!-- browserLaunch -->
        <test-method signature="caseTest1()[pri:0, instance:Testng.Testcase2@5276e6b0]" started-at="2021-01-31T19:33:15 IST" name="caseTest1" finished-at="2021-01-31T19:33:25 IST" duration-ms="9453" status="PASS">
          <reporter-output>
          </reporter-output>
        </test-method> <!-- caseTest1 -->
        <test-method is-config="true" signature="tearDown()[pri:0, instance:Testng.Testcase2@5276e6b0]" started-at="2021-01-31T19:33:25 IST" name="tearDown" finished-at="2021-01-31T19:33:30 IST" duration-ms="5589" status="PASS">
          <reporter-output>
          </reporter-output>
        </test-method> <!-- tearDown -->
      </class> <!-- Testng.Testcase2 -->
      <class name="Testng.Testcase3">
        <test-method is-config="true" signature="browserLaunch(java.lang.String)[pri:0, instance:Testng.Testcase3@71b1176b]" started-at="2021-01-31T19:33:30 IST" name="browserLaunch" finished-at="2021-01-31T19:33:50 IST" duration-ms="19872" status="PASS">
          <params>
            <param index="0">
              <value>
                <![CDATA[chrome]]>
              </value>
            </param>
          </params>
          <reporter-output>
          </reporter-output>
        </test-method> <!-- browserLaunch -->
        <test-method signature="caseTest2()[pri:0, instance:Testng.Testcase3@71b1176b]" started-at="2021-01-31T19:33:50 IST" name="caseTest2" finished-at="2021-01-31T19:33:55 IST" duration-ms="4780" status="PASS">
          <reporter-output>
          </reporter-output>
        </test-method> <!-- caseTest2 -->
        <test-method is-config="true" signature="tearDown()[pri:0, instance:Testng.Testcase3@71b1176b]" started-at="2021-01-31T19:33:55 IST" name="tearDown" finished-at="2021-01-31T19:33:59 IST" duration-ms="3737" status="PASS">
          <reporter-output>
          </reporter-output>
        </test-method> <!-- tearDown -->
      </class> <!-- Testng.Testcase3 -->
    </test> <!-- Test2 -->
    <test started-at="2021-01-31T19:31:51 IST" name="Test1" finished-at="2021-01-31T19:34:07 IST" duration-ms="136511">
      <class name="Testng.Testcase1">
        <test-method is-config="true" signature="browserLaunch(java.lang.String)[pri:0, instance:Testng.Testcase1@3d121db3]" started-at="2021-01-31T19:31:51 IST" name="browserLaunch" finished-at="2021-01-31T19:32:29 IST" duration-ms="38662" status="PASS">
          <params>
            <param index="0">
              <value>
                <![CDATA[firefox]]>
              </value>
            </param>
          </params>
          <reporter-output>
          </reporter-output>
        </test-method> <!-- browserLaunch -->
        <test-method signature="tcase1()[pri:0, instance:Testng.Testcase1@3d121db3]" started-at="2021-01-31T19:32:29 IST" name="tcase1" finished-at="2021-01-31T19:32:37 IST" duration-ms="7791" status="PASS">
          <reporter-output>
          </reporter-output>
        </test-method> <!-- tcase1 -->
        <test-method is-config="true" signature="tearDown()[pri:0, instance:Testng.Testcase1@3d121db3]" started-at="2021-01-31T19:32:37 IST" name="tearDown" finished-at="2021-01-31T19:32:43 IST" duration-ms="5772" status="PASS">
          <reporter-output>
          </reporter-output>
        </test-method> <!-- tearDown -->
      </class> <!-- Testng.Testcase1 -->
      <class name="Testng.Testcase2">
        <test-method is-config="true" signature="browserLaunch(java.lang.String)[pri:0, instance:Testng.Testcase2@3b07a0d6]" started-at="2021-01-31T19:32:43 IST" name="browserLaunch" finished-at="2021-01-31T19:33:15 IST" duration-ms="31755" status="PASS">
          <params>
            <param index="0">
              <value>
                <![CDATA[firefox]]>
              </value>
            </param>
          </params>
          <reporter-output>
          </reporter-output>
        </test-method> <!-- browserLaunch -->
        <test-method signature="caseTest1()[pri:0, instance:Testng.Testcase2@3b07a0d6]" started-at="2021-01-31T19:33:15 IST" name="caseTest1" finished-at="2021-01-31T19:33:20 IST" duration-ms="5464" status="PASS">
          <reporter-output>
          </reporter-output>
        </test-method> <!-- caseTest1 -->
        <test-method is-config="true" signature="tearDown()[pri:0, instance:Testng.Testcase2@3b07a0d6]" started-at="2021-01-31T19:33:20 IST" name="tearDown" finished-at="2021-01-31T19:33:24 IST" duration-ms="3840" status="PASS">
          <reporter-output>
          </reporter-output>
        </test-method> <!-- tearDown -->
      </class> <!-- Testng.Testcase2 -->
      <class name="Testng.Testcase3">
        <test-method is-config="true" signature="browserLaunch(java.lang.String)[pri:0, instance:Testng.Testcase3@11a9e7c8]" started-at="2021-01-31T19:33:24 IST" name="browserLaunch" finished-at="2021-01-31T19:34:01 IST" duration-ms="36671" status="PASS">
          <params>
            <param index="0">
              <value>
                <![CDATA[firefox]]>
              </value>
            </param>
          </params>
          <reporter-output>
          </reporter-output>
        </test-method> <!-- browserLaunch -->
        <test-method signature="caseTest2()[pri:0, instance:Testng.Testcase3@11a9e7c8]" started-at="2021-01-31T19:34:01 IST" name="caseTest2" finished-at="2021-01-31T19:34:03 IST" duration-ms="2580" status="PASS">
          <reporter-output>
          </reporter-output>
        </test-method> <!-- caseTest2 -->
        <test-method is-config="true" signature="tearDown()[pri:0, instance:Testng.Testcase3@11a9e7c8]" started-at="2021-01-31T19:34:03 IST" name="tearDown" finished-at="2021-01-31T19:34:07 IST" duration-ms="3939" status="PASS">
          <reporter-output>
          </reporter-output>
        </test-method> <!-- tearDown -->
      </class> <!-- Testng.Testcase3 -->
    </test> <!-- Test1 -->
  </suite> <!-- Yahoo -->
</testng-results>
