<?xml version="1.0" encoding="UTF-8"?>
<!-- Generated by org.testng.reporters.JUnitXMLReporter -->
<testsuite ignored="0" hostname="Karthik" failures="0" tests="1" name="sample1" time="0.08" errors="0" timestamp="2021-01-31T18:57:39 IST">
  <testcase classname="Testng.Baseclass" name="@BeforeClass browserLaunch" time="0.015">
    <failure type="java.io.FileNotFoundException" message=".\Configuration\config.properties (The system cannot find the file specified)">
      <![CDATA[java.io.FileNotFoundException: .\Configuration\config.properties (The system cannot find the file specified)
at java.base/java.io.FileInputStream.open0(Native Method)
at java.base/java.io.FileInputStream.open(FileInputStream.java:211)
at java.base/java.io.FileInputStream.<init>(FileInputStream.java:153)
at Testng.Configfile.<init>(Configfile.java:13)
at Testng.Baseclass.browserLaunch(Baseclass.java:19)
at java.base/java.util.ArrayList.forEach(ArrayList.java:1511)
... Removed 25 stack frames]]>
    </failure>
  </testcase> <!-- @BeforeClass browserLaunch -->
  <testcase classname="Testng.Baseclass" name="@AfterClass tearDown" time="-1.612099659215E9">
    <skipped/>
  </testcase> <!-- @AfterClass tearDown -->
  <testcase classname="Testng.Testcase1" name="tcase1" time="0.0">
    <skipped/>
  </testcase> <!-- tcase1 -->
</testsuite> <!-- sample1 -->
