<?xml version="1.0" encoding="UTF-8"?>
<!-- Generated by org.testng.reporters.JUnitXMLReporter -->
<testsuite ignored="1" hostname="Karthik" failures="0" tests="4" name="Default test" time="12.535" errors="0" timestamp="2021-01-21T21:06:21 IST">
  <testcase classname="Test.Testcase1" name="testCase1" time="0.058"/>
  <testcase classname="Test.Testcase1" name="testCase3" time="0.156"/>
  <testcase classname="Test.Testcase1" name="testCase4" time="0.178"/>
  <testcase classname="Test.Testcase1" name="testCase5" time="1.127"/>
  <testcase classname="Test.Testcase1" name="testCase2" time="0.0">
    <ignored/>
  </testcase> <!-- testCase2 -->
</testsuite> <!-- Default test -->
